{"/mnt/raid/samba/projects/Thought-And-Behavior-Log/src/App.jsx": {"path":"/mnt/raid/samba/projects/Thought-And-Behavior-Log/src/App.jsx","all":false,"statementMap":{"0":{"start":{"line":1,"column":0},"end":{"line":1,"column":8}},"1":{"start":{"line":2,"column":0},"end":{"line":2,"column":25}},"4":{"start":{"line":5,"column":0},"end":{"line":5,"column":60}},"7":{"start":{"line":8,"column":0},"end":{"line":8,"column":65}},"8":{"start":{"line":9,"column":0},"end":{"line":9,"column":51}},"11":{"start":{"line":12,"column":0},"end":{"line":12,"column":37}},"14":{"start":{"line":15,"column":0},"end":{"line":15,"column":37}},"15":{"start":{"line":16,"column":0},"end":{"line":16,"column":43}},"17":{"start":{"line":18,"column":0},"end":{"line":18,"column":24}},"18":{"start":{"line":19,"column":0},"end":{"line":19,"column":57}},"20":{"start":{"line":21,"column":0},"end":{"line":21,"column":32}},"21":{"start":{"line":22,"column":0},"end":{"line":22,"column":12}},"22":{"start":{"line":23,"column":0},"end":{"line":23,"column":18}},"23":{"start":{"line":24,"column":0},"end":{"line":24,"column":24}},"24":{"start":{"line":25,"column":0},"end":{"line":25,"column":19}},"26":{"start":{"line":27,"column":0},"end":{"line":27,"column":3}},"27":{"start":{"line":28,"column":0},"end":{"line":28,"column":10}},"28":{"start":{"line":29,"column":0},"end":{"line":29,"column":19}},"29":{"start":{"line":30,"column":0},"end":{"line":30,"column":22}},"30":{"start":{"line":31,"column":0},"end":{"line":31,"column":20}},"32":{"start":{"line":33,"column":0},"end":{"line":33,"column":1}},"34":{"start":{"line":35,"column":0},"end":{"line":35,"column":31}},"35":{"start":{"line":36,"column":0},"end":{"line":36,"column":12}},"36":{"start":{"line":37,"column":0},"end":{"line":37,"column":17}},"37":{"start":{"line":38,"column":0},"end":{"line":38,"column":4}},"38":{"start":{"line":39,"column":0},"end":{"line":39,"column":3}},"41":{"start":{"line":42,"column":0},"end":{"line":42,"column":16}},"43":{"start":{"line":44,"column":0},"end":{"line":44,"column":10}},"44":{"start":{"line":45,"column":0},"end":{"line":45,"column":6}},"45":{"start":{"line":46,"column":0},"end":{"line":46,"column":14}},"46":{"start":{"line":47,"column":0},"end":{"line":47,"column":41}},"47":{"start":{"line":48,"column":0},"end":{"line":48,"column":25}},"48":{"start":{"line":49,"column":0},"end":{"line":49,"column":20}},"49":{"start":{"line":50,"column":0},"end":{"line":50,"column":21}},"50":{"start":{"line":51,"column":0},"end":{"line":51,"column":24}},"51":{"start":{"line":52,"column":0},"end":{"line":52,"column":15}},"52":{"start":{"line":53,"column":0},"end":{"line":53,"column":18}},"53":{"start":{"line":54,"column":0},"end":{"line":54,"column":7}},"55":{"start":{"line":56,"column":0},"end":{"line":56,"column":1}},"57":{"start":{"line":58,"column":0},"end":{"line":58,"column":18}}},"s":{"0":1,"1":1,"4":1,"7":1,"8":1,"11":1,"14":1,"15":1,"17":1,"18":1,"20":1,"21":0,"22":0,"23":0,"24":0,"26":0,"27":1,"28":1,"29":1,"30":1,"32":1,"34":1,"35":1,"36":1,"37":1,"38":1,"41":1,"43":1,"44":1,"45":1,"46":1,"47":1,"48":1,"49":1,"50":1,"51":1,"52":1,"53":1,"55":1,"57":1},"branchMap":{"0":{"type":"branch","line":18,"loc":{"start":{"line":18,"column":0},"end":{"line":33,"column":1}},"locations":[{"start":{"line":18,"column":0},"end":{"line":33,"column":1}}]},"1":{"type":"branch","line":21,"loc":{"start":{"line":21,"column":31},"end":{"line":27,"column":3}},"locations":[{"start":{"line":21,"column":31},"end":{"line":27,"column":3}}]},"2":{"type":"branch","line":42,"loc":{"start":{"line":42,"column":0},"end":{"line":56,"column":1}},"locations":[{"start":{"line":42,"column":0},"end":{"line":56,"column":1}}]}},"b":{"0":[1],"1":[0],"2":[1]},"fnMap":{"0":{"name":"Router","decl":{"start":{"line":18,"column":0},"end":{"line":33,"column":1}},"loc":{"start":{"line":18,"column":0},"end":{"line":33,"column":1}},"line":18},"1":{"name":"App","decl":{"start":{"line":42,"column":0},"end":{"line":56,"column":1}},"loc":{"start":{"line":42,"column":0},"end":{"line":56,"column":1}},"line":42}},"f":{"0":1,"1":1}}
,"/mnt/raid/samba/projects/Thought-And-Behavior-Log/src/App.test.jsx": {"path":"/mnt/raid/samba/projects/Thought-And-Behavior-Log/src/App.test.jsx","all":false,"statementMap":{"0":{"start":{"line":1,"column":0},"end":{"line":1,"column":47}},"1":{"start":{"line":2,"column":0},"end":{"line":2,"column":23}},"2":{"start":{"line":3,"column":0},"end":{"line":3,"column":37}},"5":{"start":{"line":6,"column":0},"end":{"line":6,"column":30}},"6":{"start":{"line":7,"column":0},"end":{"line":7,"column":75}},"7":{"start":{"line":8,"column":0},"end":{"line":8,"column":15}},"8":{"start":{"line":9,"column":0},"end":{"line":9,"column":19}},"9":{"start":{"line":10,"column":0},"end":{"line":10,"column":9}},"10":{"start":{"line":11,"column":0},"end":{"line":11,"column":6}},"11":{"start":{"line":12,"column":0},"end":{"line":12,"column":2}}},"s":{"0":1,"1":1,"2":1,"5":1,"6":1,"7":1,"8":1,"9":1,"10":1,"11":1},"branchMap":{"0":{"type":"branch","line":6,"loc":{"start":{"line":6,"column":18},"end":{"line":12,"column":2}},"locations":[{"start":{"line":6,"column":18},"end":{"line":12,"column":2}}]},"1":{"type":"branch","line":7,"loc":{"start":{"line":7,"column":63},"end":{"line":11,"column":5}},"locations":[{"start":{"line":7,"column":63},"end":{"line":11,"column":5}}]}},"b":{"0":[1],"1":[1]},"fnMap":{},"f":{}}
,"/mnt/raid/samba/projects/Thought-And-Behavior-Log/src/content/Content.jsx": {"path":"/mnt/raid/samba/projects/Thought-And-Behavior-Log/src/content/Content.jsx","all":false,"statementMap":{"0":{"start":{"line":1,"column":0},"end":{"line":1,"column":8}},"1":{"start":{"line":2,"column":0},"end":{"line":2,"column":25}},"2":{"start":{"line":3,"column":0},"end":{"line":3,"column":32}},"5":{"start":{"line":6,"column":0},"end":{"line":6,"column":46}},"8":{"start":{"line":9,"column":0},"end":{"line":9,"column":44}},"11":{"start":{"line":12,"column":0},"end":{"line":12,"column":25}},"13":{"start":{"line":14,"column":0},"end":{"line":14,"column":25}},"14":{"start":{"line":15,"column":0},"end":{"line":15,"column":12}},"15":{"start":{"line":16,"column":0},"end":{"line":16,"column":48}},"16":{"start":{"line":17,"column":0},"end":{"line":17,"column":20}},"17":{"start":{"line":18,"column":0},"end":{"line":18,"column":22}},"18":{"start":{"line":19,"column":0},"end":{"line":19,"column":28}},"19":{"start":{"line":20,"column":0},"end":{"line":20,"column":38}},"20":{"start":{"line":21,"column":0},"end":{"line":21,"column":18}},"21":{"start":{"line":22,"column":0},"end":{"line":22,"column":21}},"22":{"start":{"line":23,"column":0},"end":{"line":23,"column":19}},"24":{"start":{"line":25,"column":0},"end":{"line":25,"column":1}},"26":{"start":{"line":27,"column":0},"end":{"line":27,"column":22}}},"s":{"0":1,"1":1,"2":1,"5":1,"8":1,"11":1,"13":1,"14":1,"15":1,"16":1,"17":1,"18":1,"19":1,"20":1,"21":1,"22":1,"24":1,"26":1},"branchMap":{"0":{"type":"branch","line":14,"loc":{"start":{"line":14,"column":0},"end":{"line":25,"column":1}},"locations":[{"start":{"line":14,"column":0},"end":{"line":25,"column":1}}]}},"b":{"0":[1]},"fnMap":{"0":{"name":"Content","decl":{"start":{"line":14,"column":0},"end":{"line":25,"column":1}},"loc":{"start":{"line":14,"column":0},"end":{"line":25,"column":1}},"line":14}},"f":{"0":1}}
,"/mnt/raid/samba/projects/Thought-And-Behavior-Log/src/content/Home.jsx": {"path":"/mnt/raid/samba/projects/Thought-And-Behavior-Log/src/content/Home.jsx","all":false,"statementMap":{"0":{"start":{"line":1,"column":0},"end":{"line":1,"column":8}},"1":{"start":{"line":2,"column":0},"end":{"line":2,"column":45}},"2":{"start":{"line":3,"column":0},"end":{"line":3,"column":25}},"3":{"start":{"line":4,"column":0},"end":{"line":4,"column":39}},"6":{"start":{"line":7,"column":0},"end":{"line":7,"column":22}},"8":{"start":{"line":9,"column":0},"end":{"line":9,"column":12}},"9":{"start":{"line":10,"column":0},"end":{"line":10,"column":45}},"10":{"start":{"line":11,"column":0},"end":{"line":11,"column":36}},"11":{"start":{"line":12,"column":0},"end":{"line":12,"column":23}},"12":{"start":{"line":13,"column":0},"end":{"line":13,"column":39}},"13":{"start":{"line":14,"column":0},"end":{"line":14,"column":29}},"14":{"start":{"line":15,"column":0},"end":{"line":15,"column":25}},"15":{"start":{"line":16,"column":0},"end":{"line":16,"column":38}},"16":{"start":{"line":17,"column":0},"end":{"line":17,"column":22}},"17":{"start":{"line":18,"column":0},"end":{"line":18,"column":17}},"19":{"start":{"line":20,"column":0},"end":{"line":20,"column":25}},"20":{"start":{"line":21,"column":0},"end":{"line":21,"column":19}},"21":{"start":{"line":22,"column":0},"end":{"line":22,"column":37}},"22":{"start":{"line":23,"column":0},"end":{"line":23,"column":23}},"23":{"start":{"line":24,"column":0},"end":{"line":24,"column":39}},"24":{"start":{"line":25,"column":0},"end":{"line":25,"column":29}},"25":{"start":{"line":26,"column":0},"end":{"line":26,"column":25}},"26":{"start":{"line":27,"column":0},"end":{"line":27,"column":38}},"27":{"start":{"line":28,"column":0},"end":{"line":28,"column":22}},"28":{"start":{"line":29,"column":0},"end":{"line":29,"column":17}},"30":{"start":{"line":31,"column":0},"end":{"line":31,"column":25}},"31":{"start":{"line":32,"column":0},"end":{"line":32,"column":19}},"32":{"start":{"line":33,"column":0},"end":{"line":33,"column":36}},"33":{"start":{"line":34,"column":0},"end":{"line":34,"column":23}},"34":{"start":{"line":35,"column":0},"end":{"line":35,"column":39}},"35":{"start":{"line":36,"column":0},"end":{"line":36,"column":29}},"36":{"start":{"line":37,"column":0},"end":{"line":37,"column":25}},"37":{"start":{"line":38,"column":0},"end":{"line":38,"column":38}},"38":{"start":{"line":39,"column":0},"end":{"line":39,"column":22}},"39":{"start":{"line":40,"column":0},"end":{"line":40,"column":17}},"41":{"start":{"line":42,"column":0},"end":{"line":42,"column":25}},"42":{"start":{"line":43,"column":0},"end":{"line":43,"column":19}},"43":{"start":{"line":44,"column":0},"end":{"line":44,"column":16}},"45":{"start":{"line":46,"column":0},"end":{"line":46,"column":1}},"47":{"start":{"line":48,"column":0},"end":{"line":48,"column":19}}},"s":{"0":1,"1":1,"2":1,"3":1,"6":1,"8":1,"9":1,"10":1,"11":1,"12":1,"13":1,"14":1,"15":1,"16":1,"17":1,"19":1,"20":1,"21":1,"22":1,"23":1,"24":1,"25":1,"26":1,"27":1,"28":1,"30":1,"31":1,"32":1,"33":1,"34":1,"35":1,"36":1,"37":1,"38":1,"39":1,"41":1,"42":1,"43":1,"45":1,"47":1},"branchMap":{"0":{"type":"branch","line":7,"loc":{"start":{"line":7,"column":0},"end":{"line":46,"column":1}},"locations":[{"start":{"line":7,"column":0},"end":{"line":46,"column":1}}]}},"b":{"0":[1]},"fnMap":{"0":{"name":"Home","decl":{"start":{"line":7,"column":0},"end":{"line":46,"column":1}},"loc":{"start":{"line":7,"column":0},"end":{"line":46,"column":1}},"line":7}},"f":{"0":1}}
,"/mnt/raid/samba/projects/Thought-And-Behavior-Log/src/db/index.js": {"path":"/mnt/raid/samba/projects/Thought-And-Behavior-Log/src/db/index.js","all":true,"statementMap":{"0":{"start":{"line":1,"column":0},"end":{"line":1,"column":25}},"1":{"start":{"line":2,"column":0},"end":{"line":2,"column":0}},"2":{"start":{"line":3,"column":0},"end":{"line":3,"column":28}},"3":{"start":{"line":4,"column":0},"end":{"line":4,"column":0}},"4":{"start":{"line":5,"column":0},"end":{"line":5,"column":22}},"5":{"start":{"line":6,"column":0},"end":{"line":6,"column":155}},"6":{"start":{"line":7,"column":0},"end":{"line":7,"column":73}},"7":{"start":{"line":8,"column":0},"end":{"line":8,"column":2}},"8":{"start":{"line":9,"column":0},"end":{"line":9,"column":0}},"9":{"start":{"line":10,"column":0},"end":{"line":10,"column":17}}},"s":{"0":0,"1":0,"2":0,"3":0,"4":0,"5":0,"6":0,"7":0,"8":0,"9":0},"branchMap":{"0":{"type":"branch","line":1,"loc":{"start":{"line":1,"column":0},"end":{"line":10,"column":-79}},"locations":[{"start":{"line":1,"column":0},"end":{"line":10,"column":-79}}]}},"b":{"0":[0]},"fnMap":{"0":{"name":"(empty-report)","decl":{"start":{"line":1,"column":0},"end":{"line":10,"column":-79}},"loc":{"start":{"line":1,"column":0},"end":{"line":10,"column":-79}},"line":1}},"f":{"0":0}}
,"/mnt/raid/samba/projects/Thought-And-Behavior-Log/src/nav/TopNav.jsx": {"path":"/mnt/raid/samba/projects/Thought-And-Behavior-Log/src/nav/TopNav.jsx","all":false,"statementMap":{"0":{"start":{"line":1,"column":0},"end":{"line":1,"column":8}},"1":{"start":{"line":2,"column":0},"end":{"line":2,"column":25}},"4":{"start":{"line":5,"column":0},"end":{"line":5,"column":73}},"7":{"start":{"line":8,"column":0},"end":{"line":8,"column":47}},"10":{"start":{"line":11,"column":0},"end":{"line":11,"column":39}},"12":{"start":{"line":13,"column":0},"end":{"line":13,"column":24}},"14":{"start":{"line":15,"column":0},"end":{"line":15,"column":12}},"15":{"start":{"line":16,"column":0},"end":{"line":16,"column":32}},"16":{"start":{"line":17,"column":0},"end":{"line":17,"column":38}},"17":{"start":{"line":18,"column":0},"end":{"line":18,"column":25}},"18":{"start":{"line":19,"column":0},"end":{"line":19,"column":84}},"19":{"start":{"line":20,"column":0},"end":{"line":20,"column":32}},"20":{"start":{"line":21,"column":0},"end":{"line":21,"column":40}},"22":{"start":{"line":23,"column":0},"end":{"line":23,"column":39}},"23":{"start":{"line":24,"column":0},"end":{"line":24,"column":49}},"25":{"start":{"line":26,"column":0},"end":{"line":26,"column":61}},"26":{"start":{"line":27,"column":0},"end":{"line":27,"column":41}},"27":{"start":{"line":28,"column":0},"end":{"line":28,"column":34}},"28":{"start":{"line":29,"column":0},"end":{"line":29,"column":27}},"29":{"start":{"line":30,"column":0},"end":{"line":30,"column":26}},"30":{"start":{"line":31,"column":0},"end":{"line":31,"column":21}},"31":{"start":{"line":32,"column":0},"end":{"line":32,"column":14}},"33":{"start":{"line":34,"column":0},"end":{"line":34,"column":1}},"35":{"start":{"line":36,"column":0},"end":{"line":36,"column":21}}},"s":{"0":1,"1":1,"4":1,"7":1,"10":1,"12":2,"14":2,"15":2,"16":2,"17":2,"18":2,"19":2,"20":2,"22":2,"23":2,"25":2,"26":2,"27":2,"28":2,"29":2,"30":2,"31":2,"33":2,"35":1},"branchMap":{"0":{"type":"branch","line":13,"loc":{"start":{"line":13,"column":0},"end":{"line":34,"column":1}},"locations":[{"start":{"line":13,"column":0},"end":{"line":34,"column":1}}]}},"b":{"0":[2]},"fnMap":{"0":{"name":"TopNav","decl":{"start":{"line":13,"column":0},"end":{"line":34,"column":1}},"loc":{"start":{"line":13,"column":0},"end":{"line":34,"column":1}},"line":13}},"f":{"0":2}}
,"/mnt/raid/samba/projects/Thought-And-Behavior-Log/src/nav/TopNav.test.jsx": {"path":"/mnt/raid/samba/projects/Thought-And-Behavior-Log/src/nav/TopNav.test.jsx","all":false,"statementMap":{"0":{"start":{"line":1,"column":0},"end":{"line":1,"column":45}},"1":{"start":{"line":2,"column":0},"end":{"line":2,"column":56}},"2":{"start":{"line":3,"column":0},"end":{"line":3,"column":29}},"3":{"start":{"line":4,"column":0},"end":{"line":4,"column":48}},"6":{"start":{"line":7,"column":0},"end":{"line":7,"column":34}},"7":{"start":{"line":8,"column":0},"end":{"line":8,"column":49}},"8":{"start":{"line":9,"column":0},"end":{"line":9,"column":15}},"9":{"start":{"line":10,"column":0},"end":{"line":10,"column":27}},"10":{"start":{"line":11,"column":0},"end":{"line":11,"column":26}},"11":{"start":{"line":12,"column":0},"end":{"line":12,"column":28}},"12":{"start":{"line":13,"column":0},"end":{"line":13,"column":9}},"13":{"start":{"line":14,"column":0},"end":{"line":14,"column":65}},"14":{"start":{"line":15,"column":0},"end":{"line":15,"column":35}},"15":{"start":{"line":16,"column":0},"end":{"line":16,"column":6}},"16":{"start":{"line":17,"column":0},"end":{"line":17,"column":2}}},"s":{"0":1,"1":1,"2":1,"3":1,"6":1,"7":1,"8":1,"9":1,"10":1,"11":1,"12":1,"13":1,"14":1,"15":1,"16":1},"branchMap":{"0":{"type":"branch","line":7,"loc":{"start":{"line":7,"column":21},"end":{"line":17,"column":2}},"locations":[{"start":{"line":7,"column":21},"end":{"line":17,"column":2}}]},"1":{"type":"branch","line":8,"loc":{"start":{"line":8,"column":36},"end":{"line":16,"column":5}},"locations":[{"start":{"line":8,"column":36},"end":{"line":16,"column":5}}]}},"b":{"0":[1],"1":[1]},"fnMap":{},"f":{}}
}
